0:100  0:100  MemLog inited, TSC freq: 2808391040
0:100  0:000  CPU was calibrated with RTC
0:100  0:000  
0:100  0:000  Now is 12.7.2018,  13:14:29 (GMT)
0:100  0:000  Starting Clover revision: 4586 on American Megatrends EFI
0:100  0:000  Build with: [Args: -D NO_GRUB_DRIVERS_EMBEDDED -t XCODE8 | -D NO_GRUB_DRIVERS_EMBEDDED -D USE_LOW_EBDA -a X64 -b RELEASE -t XCODE8 -n 5 | OS: 10.13.5 | XCODE: 9.4.1]
0:100  0:000  SelfDevicePath=PciRoot(0x0)\Pci(0x1D,0x0)\Pci(0x0,0x0)\NVMe(0x1,69-83-B2-81-51-38-25-00)\HD(1,GPT,9B3F0FAE-66A7-11E8-B97C-EE76C4CB6219,0x800,0x71800) @C3AD5498
0:100  0:000  SelfDirPath = \EFI\BOOT
0:100  0:000  === [ Get Smbios ] ========================================
0:100  0:000  Type 16 Index = 0
0:100  0:000  Total Memory Slots Count = 4
0:100  0:000  Type 17 Index = 0
0:100  0:000  SmbiosTable.Type17->Speed = 2666MHz
0:100  0:000  SmbiosTable.Type17->Size = 8192MB
0:100  0:000  SmbiosTable.Type17->Bank/Device = BANK 0 ChannelA-DIMM0
0:100  0:000  SmbiosTable.Type17->Vendor = Kingston
0:100  0:000  SmbiosTable.Type17->SerialNumber = 9020834D
0:100  0:000  SmbiosTable.Type17->PartNumber = KHX2666C16/8G       
0:100  0:000  Type 17 Index = 1
0:100  0:000  Ignoring insane frequency value 0MHz
0:100  0:000  SmbiosTable.Type17->Speed = 0MHz
0:100  0:000  SmbiosTable.Type17->Size = 0MB
0:100  0:000  SmbiosTable.Type17->Bank/Device = BANK 1 ChannelA-DIMM1
0:100  0:000  SmbiosTable.Type17->Vendor = <null string>
0:100  0:000  SmbiosTable.Type17->SerialNumber = <null string>
0:100  0:000  SmbiosTable.Type17->PartNumber = <null string>
0:100  0:000  Type 17 Index = 2
0:100  0:000  SmbiosTable.Type17->Speed = 2666MHz
0:100  0:000  SmbiosTable.Type17->Size = 8192MB
0:100  0:000  SmbiosTable.Type17->Bank/Device = BANK 2 ChannelB-DIMM0
0:100  0:000  SmbiosTable.Type17->Vendor = Kingston
0:100  0:000  SmbiosTable.Type17->SerialNumber = 8F20854D
0:100  0:000  SmbiosTable.Type17->PartNumber = KHX2666C16/8G       
0:100  0:000  Type 17 Index = 3
0:100  0:000  Ignoring insane frequency value 0MHz
0:100  0:000  SmbiosTable.Type17->Speed = 0MHz
0:100  0:000  SmbiosTable.Type17->Size = 0MB
0:100  0:000  SmbiosTable.Type17->Bank/Device = BANK 3 ChannelB-DIMM1
0:100  0:000  SmbiosTable.Type17->Vendor = <null string>
0:100  0:000  SmbiosTable.Type17->SerialNumber = <null string>
0:100  0:000  SmbiosTable.Type17->PartNumber = <null string>
0:100  0:000  Boot status=0
0:100  0:000  Running on: 'Z370N WIFI' with board 'Z370N WIFI-CF'
0:100  0:000  === [ GetCPUProperties ] ==================================
0:100  0:000  CPU Vendor = 756E6547 Model=906EA
0:100  0:000   The CPU supported SSE4.1
0:100  0:000  BrandString = Intel(R) Core(TM) i5-8400 CPU @ 2.80GHz
0:100  0:000   The CPU supported turbo
0:100  0:000  MSR 0x35               60006
0:100  0:000   TSC/CCC Information Leaf:
0:100  0:000    numerator     : 234
0:100  0:000    denominator   : 2
0:100  0:000   Calibrated ARTFrequency: 24003342
0:100  0:000  MSR 0xE2 before patch 1E008000
0:100  0:000  MSR 0xE2 is locked, PM patches will be turned on
0:100  0:000  MSR 0xCE              00080838_F1011C00
0:100  0:000  corrected FLEX_RATIO = 0
0:100  0:000  FSBFrequency = 136 MHz, DMI FSBFrequency = 100 MHz, Corrected FSBFrequency = 100 MHz
0:100  0:000  MaxDiv/MinDiv: 28.0/8
0:100  0:000  Turbo: 39/39/39/40
0:100  0:000  Features: 0xBFEBFBFF
0:100  0:000  Threads: 6
0:100  0:000  Cores: 6
0:100  0:000  FSB: 100 MHz
0:100  0:000  CPU: 3800 MHz
0:100  0:000  TSC: 3800 MHz
0:100  0:000  PIS: 100 MHz
0:100  0:000  ExternalClock: 25 MHz
0:100  0:000  === [ GetDevices ] ========================================
0:100  0:000  PCI (00|00:00.00) : 8086 3EC2 class=060000
0:100  0:000  PCI (00|00:02.00) : 8086 3E92 class=030000
0:100  0:000   - GFX: Model=Intel UHD Graphics 630 (Intel)
0:100  0:000  PCI (00|00:08.00) : 8086 1911 class=088000
0:100  0:000  PCI (00|00:14.00) : 8086 A2AF class=0C0330
0:100  0:000  PCI (00|00:16.00) : 8086 A2BA class=078000
0:100  0:000  PCI (00|00:17.00) : 8086 A282 class=010601
0:100  0:000  PCI (00|00:1B.00) : 8086 A2E7 class=060400
0:100  0:000  PCI (00|00:1B.02) : 8086 A2E9 class=060400
0:100  0:000  PCI (00|00:1B.04) : 8086 A2EB class=060400
0:100  0:000  PCI (00|00:1C.00) : 8086 A290 class=060400
0:100  0:000  PCI (00|00:1C.05) : 8086 A295 class=060400
0:100  0:000  PCI (00|05:00.00) : 8086 1539 class=020000
0:100  0:000   - LAN: 0 Vendor=Intel
0:100  0:000  PCI (00|00:1C.06) : 8086 A296 class=060400
0:100  0:000  PCI (00|06:00.00) : 14E4 43B1 class=028000
0:100  0:000   - WIFI: Vendor=Broadcom
0:100  0:000  PCI (00|00:1C.07) : 8086 A297 class=060400
0:100  0:000  PCI (00|00:1D.00) : 8086 A298 class=060400
0:100  0:000  PCI (00|08:00.00) : 144D A804 class=010802
0:100  0:000  PCI (00|00:1F.00) : 8086 A2C9 class=060100
0:100  0:000  PCI (00|00:1F.02) : 8086 A2A1 class=058000
0:100  0:000  PCI (00|00:1F.03) : 8086 A2F0 class=040300
0:100  0:000  PCI (00|00:1F.04) : 8086 A2A3 class=0C0500
0:101  0:000  PCI (00|00:1F.06) : 8086 15B8 class=020000
0:101  0:000   - LAN: 1 Vendor=Intel
0:101  0:000  === [ GetDefaultSettings ] ================================
0:101  0:000  Clover load options size = 0 bytes
0:103  0:002  EFI\CLOVER\config.plist loaded: Success
0:103  0:000  === [ GetListOfThemes ] ===================================
0:103  0:000  - [00]: MaterialDark
0:104  0:000  === [ Found config plists ] ===============================
0:104  0:000  - config.plist
0:104  0:000  === [ GetEarlyUserSettings ] ==============================
0:104  0:000  timeout set to 2
0:104  0:000  Custom boot CUSTOM_BOOT_DISABLED (0x0)
0:104  0:000  KextsToPatch: 7 requested
0:104  0:000   - [00]: IOBluetoothFamily (10.11+-BT4LE-Handoff-Hotspot-lisai9093) :: BinPatch :: data len: 8
0:104  0:000   - [01]: AppleAHCIPort (External Drives as Internal to fix Orange Icons) :: BinPatch :: data len: 8
0:104  0:000   - [02]: AppleGraphicsDevicePolicy ((c)Pike R. Alpha) :: BinPatch :: data len: 8
0:104  0:000   - [03]: AirPortBrcm4360 (AirPortBrcm4360 - fcvo) :: BinPatch :: data len: 8
0:104  0:000   - patch disabled at config
0:104  0:000   - [04]: AirPortBrcm4360 (Rename Model Wifi Module BCM94352Z) :: BinPatch :: data len: 44
0:104  0:000   - patch disabled at config
0:104  0:000   - [05]: com.apple.driver.usb.AppleUSBXHCI (change 15 port limit to 26 in XHCI kext for 10.13.6 beta 1 (credit Canvas)) :: MatchOS: 10.13.x :: BinPatch :: data len: 10
0:104  0:000   - [06]: IOGraphicsFamily (10.13+-第二阶段花屏) :: MatchOS: 10.13.x :: BinPatch :: data len: 5
0:104  0:000  Default theme: embedded
0:104  0:000  === [ LoadDrivers ] =======================================
0:105  0:000  Loading OsxFatBinaryDrv-64.efi  status=Success
0:106  0:001  Loading AppleImageCodec-64.efi  status=Success
0:107  0:001  Loading AppleUITheme-64.efi  status=Success
0:108  0:001  Loading DataHubDxe-64.efi  status=Success
0:111  0:002  Loading AppleKeyAggregator-64.efi  status=Success
0:111  0:000  Loading apfs.efi  status=Success
0:114  0:002   - driver needs connecting
0:114  0:000  Loading OsxAptioFix2Drv-64.efi  status=Success
0:115  0:001  Loading VBoxHfs-64.efi  status=Success
0:116  0:001   - driver needs connecting
0:116  0:000  Loading FSInject-64.efi  status=Success
0:117  0:001  Loading FirmwareVolume-64.efi  status=Success
0:118  0:001  Loading SMCHelper-64.efi  status=Success
0:119  0:001  2 drivers needs connecting ...
0:119  0:000  PlatformDriverOverrideProtocol->GetDriver overriden
0:119  0:000  APFS driver loaded
0:120  0:000  Searching for invalid DiskIo BY_DRIVER connects: not found, all ok
0:719  0:599  === [ InitScreen ] ========================================
0:719  0:000  SetScreenResolution: 1920x1080 - not found!
0:719  0:000  SetMaxResolution: found best mode 5: 3840x2160
1:295  0:576  Video mode change to mode #5: Success
1:295  0:000   - set
1:295  0:000  Console modes reported: 5, available modes:
1:295  0:000   - [01]: 80x25 (current mode)
1:295  0:000   - [02]: 80x50
1:295  0:000   - [03]: 100x31
1:295  0:000   - [04]: 127x33
1:295  0:000   - [05]: 100x60
1:295  0:000  reinit: self device path=PciRoot(0x0)\Pci(0x1D,0x0)\Pci(0x0,0x0)\NVMe(0x1,69-83-B2-81-51-38-25-00)\HD(1,GPT,9B3F0FAE-66A7-11E8-B97C-EE76C4CB6219,0x800,0x71800)
1:296  0:000  Using embedded font: Success
1:296  0:000  === [ GetMacAddress ] =====================================
1:296  0:000  MAC address of LAN #0= E0:D5:5E:6D:92:CB:
1:296  0:000  MAC address of LAN #1= E0:D5:5E:6D:92:C9:
1:296  0:000  === [ ScanSPD ] ===========================================
1:297  0:000  SMBus device : 8086 A2A3 class=0C0500 status=Success
1:297  0:000  SMBus CmdReg: 0x3
1:297  0:000  Scanning SMBus [8086:A2A3], mmio: 0xF754A004, ioport: 0xF040, hostc: 0x11
1:297  0:000  Slots to scan [8]...
1:297  0:000  SPD[0]: Type 12 @0x50
1:315  0:017  XMP Profile1: 6*125 0 ns
1:315  0:000  Found module with XMP version 2.0
1:315  0:000  Using XMP Profile1 instead of standard frequency 2666MHz
1:315  0:000  DDR speed 2666MHz
1:315  0:000  Slot: 0 Type 26 8192MB 2666MHz Vendor=Kingston PartNo=KHX2666C168G SerialNo=090002000803040D
1:316  0:000  SPD[2]: Type 12 @0x52
1:334  0:017  XMP Profile1: 6*125 0 ns
1:334  0:000  Found module with XMP version 2.0
1:334  0:000  Using XMP Profile1 instead of standard frequency 2666MHz
1:334  0:000  DDR speed 2666MHz
1:334  0:000  Slot: 2 Type 26 8192MB 2666MHz Vendor=Kingston PartNo=KHX2666C168G SerialNo=080F02000805040D
1:334  0:000  === [ GetAcpiTablesList ] =================================
1:334  0:000  Get Acpi Tables List from RSDT:
1:334  0:000   - [00]: FACP  A M I  len=132
1:334  0:000   - [01]: APIC  A M I  len=160
1:334  0:000   - [02]: FPDT  A M I  len=68
1:334  0:000   - [03]: FIDT  A M I len=156
1:334  0:000   - [04]: MCFG  A M I  len=60
1:334  0:000   - [05]: SSDT  SataTabl len=931
1:334  0:000   - [06]: SSDT  GSWApp len=28921
1:334  0:000   - [07]: SSDT  SaSsdt  len=12630
1:334  0:000   - [08]: HPET  KBL len=56
1:334  0:000   - [09]: SSDT  Ther_Rvp len=4514
1:334  0:000   - [10]: SSDT  xh_rvp10 len=10967
1:334  0:000   - [11]: UEFI  A M I  len=66
1:334  0:000   - [12]: SSDT  CpuSsdt len=6062
1:334  0:000   - [13]: LPIT  KBL len=148
1:334  0:000   - [14]: SSDT  HdaDsp len=321
1:334  0:000   - [15]: SSDT  sensrhub len=671
1:334  0:000   - [16]: SSDT  PtidDevc len=12290
1:334  0:000   - [17]: SSDT  TbtTypeC len=1303
1:334  0:000   - [18]: DBGP   len=52
1:334  0:000   - [19]: DBG2   len=84
1:334  0:000   - [20]: BGRT  A M I  len=56
1:334  0:000   - [21]: WSMT  A M I  len=40
1:334  0:000  Calibrated TSC Frequency = 2808391040 = 2808MHz
1:335  0:000  === [ GetUserSettings ] ===================================
1:335  0:000  Add 1 properties:
1:335  0:000   - [00]: IntelGFX, len: 4
1:335  0:000  USB FixOwnership: yes
1:335  0:000  Dropping 3 tables:
1:335  0:000   - [00]: Drop table  signature="SSDT" (54445353) table-id="CpuPm" (0000006D50757043)
1:335  0:000           - set table: 54445353,       6D50757043 to drop: no
1:335  0:000   - [01]: Drop table  signature="DMAR" (52414D44)
1:335  0:000           - set table: 52414D44,                0 to drop: no
1:335  0:000   - [02]: Drop table  signature="SSDT" (54445353) table-id="Cpu0Ist" (0074734930757043)
1:335  0:000           - set table: 54445353,   74734930757043 to drop: no
1:335  0:000   - final DSDT Fix mask=00000004
1:335  0:000  PatchesDSDT: 14 requested
1:335  0:000   - [00]: (change LPC to LPCB, optionally pair with SSDT-DEHCI.aml, SSDT-DEH01.aml, SSDT-DEH02.aml, SSDT-LPC.aml) lenToFind: 4, lenToReplace: 4, Target Bridge: <null string>
1:335  0:000    patch disabled at config
1:335  0:000   - [01]: (change SAT0 to SATA, optionally pair with SSDT-SATA.aml) lenToFind: 4, lenToReplace: 4, Target Bridge: <null string>
1:335  0:000   - [02]: (change MEI to IMEI, optionally pair with SSDT-IMEI.aml) lenToFind: 4, lenToReplace: 4, Target Bridge: <null string>
1:335  0:000   - [03]: (change GFX0 to IGPU, optionally pair with SSDT-IGPU.aml) lenToFind: 4, lenToReplace: 4, Target Bridge: <null string>
1:335  0:000   - [04]: (change EC0 to EC) lenToFind: 4, lenToReplace: 4, Target Bridge: <null string>
1:335  0:000    patch disabled at config
1:335  0:000   - [05]: (change _OSI to XOSI, pair with SSDT-XOSI.aml) lenToFind: 4, lenToReplace: 4, Target Bridge: <null string>
1:335  0:000   - [06]: (change _DSM to XDSM) lenToFind: 4, lenToReplace: 4, Target Bridge: <null string>
1:335  0:000   - [07]: (Rename HDAS to HDEF) lenToFind: 4, lenToReplace: 4, Target Bridge: <null string>
1:335  0:000   - [08]: (change EC0 to EC) lenToFind: 4, lenToReplace: 4, Target Bridge: <null string>
1:335  0:000   - [09]: (change XHCI to XHC) lenToFind: 4, lenToReplace: 4, Target Bridge: <null string>
1:335  0:000   - [10]: (change XHC1 to XHC) lenToFind: 4, lenToReplace: 4, Target Bridge: <null string>
1:335  0:000   - [11]: (change HECI to IMEI) lenToFind: 4, lenToReplace: 4, Target Bridge: <null string>
1:335  0:000   - [12]: (change GFX0 to IGPU) lenToFind: 4, lenToReplace: 4, Target Bridge: <null string>
1:335  0:000   - [13]: (change PEGP to GFX0) lenToFind: 4, lenToReplace: 4, Target Bridge: <null string>
1:335  0:000  Using ProductName from config: iMac18,1
1:335  0:000  Using latest BiosVersion from clover
1:335  0:000  BiosVersion: IM181.88Z.0158.B00.1804091703
1:335  0:000  BiosReleaseDate: 04/09/2018
1:335  0:000  Using FirmwareFeatures from config: 0xFC0FE137
1:335  0:000  Using FirmwareFeaturesMask from config: 0xFF1FFF3F
1:335  0:000  Board-ID set from config as Mac-4B682C642B45593E
1:335  0:000  BoardType: 0xA
1:335  0:000  ChassisType: 0x9
1:335  0:000  === [ Found DSDT tables ] =================================
2:234  0:898  === [ ScanVolumes ] =======================================
2:234  0:000  Found 11 volumes with blockIO
2:234  0:000  - [00]: Volume: PciRoot(0x0)\Pci(0x14,0x0)\USB(0x16,0x0)
2:234  0:000          Result of bootcode detection: bootable unknown (legacy)
2:234  0:000          USB volume
2:234  0:000  - [01]: Volume: PciRoot(0x0)\Pci(0x14,0x0)\USB(0x16,0x0)\HD(1,MBR,0x7053C2E9,0x96000,0x381BB24)
2:235  0:000          Result of bootcode detection: bootable unknown (legacy)
2:235  0:000          USB volume
2:235  0:000  - [02]: Volume: PciRoot(0x0)\Pci(0x14,0x0)\USB(0x16,0x0)\HD(2,MBR,0x7053C2E9,0x38B2000,0x94B23)
2:236  0:001          Result of bootcode detection: bootable Windows (win)
2:236  0:000          USB volume
2:243  0:007  - [03]: Volume: PciRoot(0x0)\Pci(0x1D,0x0)\Pci(0x0,0x0)\NVMe(0x1,69-83-B2-81-51-38-25-00)
2:243  0:000  - [04]: Volume: PciRoot(0x0)\Pci(0x1D,0x0)\Pci(0x0,0x0)\NVMe(0x1,69-83-B2-81-51-38-25-00)\HD(1,GPT,9B3F0FAE-66A7-11E8-B97C-EE76C4CB6219,0x800,0x71800)
2:243  0:000          Result of bootcode detection: bootable Windows (win)
2:244  0:000          This is SelfVolume !!
2:244  0:000  - [05]: Volume: PciRoot(0x0)\Pci(0x1D,0x0)\Pci(0x0,0x0)\NVMe(0x1,69-83-B2-81-51-38-25-00)\HD(2,GPT,9B3F0FB0-66A7-11E8-B97C-EE76C4CB6219,0x72000,0x1D153948)
2:244  0:000          Result of bootcode detection: bootable unknown (legacy)
2:244  0:000  - [06]: Volume: PciRoot(0x0)\Pci(0x1D,0x0)\Pci(0x0,0x0)\NVMe(0x1,69-83-B2-81-51-38-25-00)\HD(2,GPT,9B3F0FB0-66A7-11E8-B97C-EE76C4CB6219,0x72000,0x1D153948)\VenMedia(BE74FCF7-0B7C-49F3-9147-01F4042E6842,0F8E9ACF5647634294EFC99F3BE7AC61)
2:244  0:000  - [07]: Volume: PciRoot(0x0)\Pci(0x1D,0x0)\Pci(0x0,0x0)\NVMe(0x1,69-83-B2-81-51-38-25-00)\HD(2,GPT,9B3F0FB0-66A7-11E8-B97C-EE76C4CB6219,0x72000,0x1D153948)\VenMedia(BE74FCF7-0B7C-49F3-9147-01F4042E6842,93508C52D422A432A4AE27CE722ACA8A)
2:244  0:000  - [08]: Volume: PciRoot(0x0)\Pci(0x1D,0x0)\Pci(0x0,0x0)\NVMe(0x1,69-83-B2-81-51-38-25-00)\HD(2,GPT,9B3F0FB0-66A7-11E8-B97C-EE76C4CB6219,0x72000,0x1D153948)\VenMedia(BE74FCF7-0B7C-49F3-9147-01F4042E6842,BFFDB6C51F50424EAC08BA4BBE464D5B)
2:244  0:000  - [09]: Volume: PciRoot(0x0)\Pci(0x1D,0x0)\Pci(0x0,0x0)\NVMe(0x1,69-83-B2-81-51-38-25-00)\HD(2,GPT,9B3F0FB0-66A7-11E8-B97C-EE76C4CB6219,0x72000,0x1D153948)\VenMedia(BE74FCF7-0B7C-49F3-9147-01F4042E6842,EE13D4AB30A47741B60983A5F382FFC3)
2:244  0:000  - [10]: Volume: PciRoot(0x0)\Pci(0x1D,0x0)\Pci(0x0,0x0)\NVMe(0x1,69-83-B2-81-51-38-25-00)\HD(2,GPT,9B3F0FB0-66A7-11E8-B97C-EE76C4CB6219,0x72000,0x1D153948)\VenMedia(BE74FCF7-0B7C-49F3-9147-01F4042E6842,CC95671ECD1337479FDA2D9C19786826)
2:244  0:000  === [ InitTheme ] =========================================
2:244  0:000   using embedded theme
2:244  0:000  Using embedded font: Success
2:245  0:000  Chosen embedded theme
2:245  0:000  found boot-args in NVRAM:, size=1
2:246  0:000  after NVRAM boot-args=shikigva=1
2:246  0:000  === [ Dump SMC keys from NVRAM ] ==========================
2:246  0:000  found AppleSMC protocol
2:311  0:065  Registered 16 SMC keys
2:313  0:001  === [ ScanLoader ] ========================================
2:313  0:000  - [02]: 'EFI'
2:315  0:002          AddLoaderEntry for Volume Name=EFI
2:315  0:000          skipped because entry is hidden
2:315  0:000  - [04]: 'EFI'
2:318  0:002          AddLoaderEntry for Volume Name=EFI
2:318  0:000          skipped because entry is hidden
2:318  0:000  - [06]: 'Preboot'
2:340  0:022          AddLoaderEntry for Volume Name=Preboot
2:361  0:020      Check if volume Is Hibernated:
2:361  0:000      Check sleep image 'by signature':
2:364  0:003      using default sleep image name = \private\var\vm\sleepimage
2:365  0:001      sleepimage not found -> Not Found
2:365  0:000      hibernated: no - sign
2:373  0:008          AddLoaderEntry for Volume Name=Preboot
2:441  0:068  - [07]: 'MacOS'
2:615  0:174          AddLoaderEntry for Volume Name=MacOS
2:652  0:036      Check if volume Is Hibernated:
2:652  0:000      Check sleep image 'by signature':
2:712  0:059      read prefs \Library\Preferences\com.apple.PowerManagement.plist status=Success
2:712  0:000      using default sleep image name = \private\var\vm\sleepimage
2:749  0:037      sleepimage not found -> Not Found
2:749  0:000      hibernated: no - sign
2:812  0:062  - [08]: 'Recovery'
2:832  0:019          AddLoaderEntry for Volume Name=Recovery
2:882  0:050  - [09]: 'VM'
2:883  0:000  - [10]: 'data'
2:972  0:088  Scanning legacy ...
2:972  0:000   2: 'EFI' (win) add legacy
2:972  0:000   added 'Boot Windows from EFI' OSType=2 Icon=win
2:972  0:000   4: 'EFI' (win) add legacy
2:972  0:000   added 'Boot Windows from EFI' OSType=2 Icon=win
2:972  0:000  === [ AddCustomTool ] =====================================
2:972  0:000  found tool \EFI\CLOVER\tools\Shell64U.efi
2:972  0:000  Checking EFI partition Volume 4 for Clover
2:973  0:000   Found Clover
2:973  0:000  === [ GetEfiBootDeviceFromNvram ] =========================
2:974  0:001   - efi-boot-device-data: PciRoot(0x0)\Pci(0x1D,0x0)\Pci(0x0,0x0)\NVMe(0x1,69-83-B2-81-51-38-25-00)\HD(2,GPT,9B3F0FB0-66A7-11E8-B97C-EE76C4CB6219,0x72000,0x1D153948)\VenMedia(BE74FCF7-0B7C-49F3-9147-01F4042E6842,BFFDB6C51F50424EAC08BA4BBE464D5B)\528C5093-22D4-32A4-A4AE-27CE722ACA8A\boot.efii
2:974  0:000    - Volume: 'PciRoot(0x0)\Pci(0x1D,0x0)\Pci(0x0,0x0)\NVMe(0x1,69-83-B2-81-51-38-25-00)\HD(2,GPT,9B3F0FB0-66A7-11E8-B97C-EE76C4CB6219,0x72000,0x1D153948)\VenMedia(BE74FCF7-0B7C-49F3-9147-01F4042E6842,BFFDB6C51F50424EAC08BA4BBE464D5B)'
2:974  0:000    - LoaderPath: '\528C5093-22D4-32A4-A4AE-27CE722ACA8A\boot.efi'
2:974  0:000    - Guid = 9B3F0FB0-66A7-11E8-B97C-EE76C4CB6219
2:974  0:000  === [ FindStartupDiskVolume ] =============================
2:974  0:000    - Volume: partition = PciRoot(0x0)\Pci(0x1D,0x0)\Pci(0x0,0x0)\NVMe(0x1,69-83-B2-81-51-38-25-00)\HD(2,GPT,9B3F0FB0-66A7-11E8-B97C-EE76C4CB6219,0x72000,0x1D153948)\VenMedia(BE74FCF7-0B7C-49F3-9147-01F4042E6842,BFFDB6C51F50424EAC08BA4BBE464D5B)
2:974  0:000     - searching for that partition and loader '\528C5093-22D4-32A4-A4AE-27CE722ACA8A\boot.efi'
2:974  0:000      - found entry 3. 'Boot Recovery from Recovery', Volume 'Recovery', '\528C5093-22D4-32A4-A4AE-27CE722ACA8A\boot.efi'
2:974  0:000  Boot redirected to Entry 3. 'Boot Recovery from Recovery'
2:974  0:000  DefaultIndex=3 and MainMenu.EntryCount=12
3:279  0:305  GUI ready
31:365  28:085  
Boot options:
-------------
31:365  0:000  BootOrder: 4: Boot0003, Boot0002, Boot0004, Boot0000
31:366  0:001   0) Boot0003: UEFI OS, Attr: 0x1
31:366  0:000      HD(1,GPT,9B3F0FAE-66A7-11E8-B97C-EE76C4CB6219,0x800,0x71800)\EFI\BOOT\BOOTX64.EFII
31:366  0:000      Size: 120 (Attr:4 + FPl:2 + Desc:16 + FP:94 + Opt:4 = 120 -> OK)
31:366  0:000   1) Boot0002: Hard Drive, Attr: 0x1
31:366  0:000      BBS(HD,)
31:366  0:000      Size: 369 (Attr:4 + FPl:2 + Desc:22 + FP:13 + Opt:328 = 369 -> OK)
31:367  0:000   2) Boot0004: UEFI: SanDisk, Partition 2, Attr: 0x1
31:367  0:000      PciRoot(0x0)\Pci(0x14,0x0)\USB(0x16,0x0)\HD(2,MBR,0x7053C2E9,0x38B2000,0x94B23)
31:367  0:000      Size: 200 (Attr:4 + FPl:2 + Desc:54 + FP:136 + Opt:4 = 200 -> OK)
31:367  0:000   3) Boot0000: Clover, Attr: 0x9
31:367  0:000      VenHw(99E275E7-75A0-4B37-A2E6-C5385E6C00CB)
31:367  0:000      Size: 146 (Attr:4 + FPl:2 + Desc:14 + FP:126 + Opt:0 = 146 -> OK)
31:367  0:000  -------------
31:367  0:000  
AddBootOptionForFile: C3AD5498, \EFI\CLOVER\CLOVERX64.EFI, ShortDevPath
 Clover start boot.efi at Preboot, 0
31:367  0:000  AddBootOption: Clover start boot.efi at Preboot
31:367  0:000   FilePath: HD(1,GPT,9B3F0FAE-66A7-11E8-B97C-EE76C4CB6219,0x800,0x71800)\EFI\CLOVER\CLOVERX64.EFII
31:367  0:000   BootIndex: 0
31:368  0:000   Found BootNum: 0001
31:370  0:002   Boot0001 saved
31:370  0:000  AddToBootOrder: Boot0001 at index 0
31:370  0:000  BootOrder: 4: Boot0003, Boot0002, Boot0004, Boot0000
31:372  0:001  SetVariable: BootOrder = Success
31:372  0:000   5: Boot0001, Boot0003, Boot0002, Boot0004, Boot0000
31:372  0:000  AddBootOptionForFile: done.
31:372  0:000  Entry 0 assigned option 0001
31:372  0:000  
AddBootOptionForFile: C3AD5498, \EFI\CLOVER\CLOVERX64.EFI, ShortDevPath
 Clover start boot.efi at Preboot, 1
31:372  0:000  AddBootOption: Clover start boot.efi at Preboot
31:372  0:000   FilePath: HD(1,GPT,9B3F0FAE-66A7-11E8-B97C-EE76C4CB6219,0x800,0x71800)\EFI\CLOVER\CLOVERX64.EFII
31:372  0:000   BootIndex: 1
31:373  0:001   Found BootNum: 0005
31:376  0:002   Boot0005 saved
31:376  0:000  AddToBootOrder: Boot0005 at index 1
31:376  0:000  BootOrder: 5: Boot0001, Boot0003, Boot0002, Boot0004, Boot0000
31:377  0:001  SetVariable: BootOrder = Success
31:377  0:000   6: Boot0001, Boot0005, Boot0003, Boot0002, Boot0004, Boot0000
31:377  0:000  AddBootOptionForFile: done.
31:377  0:000  Entry 1 assigned option 0005
31:377  0:000  
AddBootOptionForFile: C3AD5498, \EFI\CLOVER\CLOVERX64.EFI, ShortDevPath
 Clover start boot.efi at MacOS, 2
31:377  0:000  AddBootOption: Clover start boot.efi at MacOS
31:377  0:000   FilePath: HD(1,GPT,9B3F0FAE-66A7-11E8-B97C-EE76C4CB6219,0x800,0x71800)\EFI\CLOVER\CLOVERX64.EFII
31:377  0:000   BootIndex: 2
31:379  0:001   Found BootNum: 0006
31:381  0:002   Boot0006 saved
31:381  0:000  AddToBootOrder: Boot0006 at index 2
31:381  0:000  BootOrder: 6: Boot0001, Boot0005, Boot0003, Boot0002, Boot0004, Boot0000
31:383  0:001  SetVariable: BootOrder = Success
31:383  0:000   7: Boot0001, Boot0005, Boot0006, Boot0003, Boot0002, Boot0004, Boot0000
31:383  0:000  AddBootOptionForFile: done.
31:383  0:000  Entry 2 assigned option 0006
31:383  0:000  
AddBootOptionForFile: C3AD5498, \EFI\CLOVER\CLOVERX64.EFI, ShortDevPath
 Clover start boot.efi at Recovery, 3
31:383  0:000  AddBootOption: Clover start boot.efi at Recovery
31:383  0:000   FilePath: HD(1,GPT,9B3F0FAE-66A7-11E8-B97C-EE76C4CB6219,0x800,0x71800)\EFI\CLOVER\CLOVERX64.EFII
31:383  0:000   BootIndex: 3
31:385  0:002   Found BootNum: 0007
31:387  0:002   Boot0007 saved
31:387  0:000  AddToBootOrder: Boot0007 at index 3
31:387  0:000  BootOrder: 7: Boot0001, Boot0005, Boot0006, Boot0003, Boot0002, Boot0004, Boot0000
31:389  0:001  SetVariable: BootOrder = Success
31:389  0:000   8: Boot0001, Boot0005, Boot0006, Boot0007, Boot0003, Boot0002, Boot0004, Boot0000
31:389  0:000  AddBootOptionForFile: done.
31:389  0:000  Entry 3 assigned option 0007
31:389  0:000  
AddBootOptionForFile: C3AD5498, \EFI\CLOVER\CLOVERX64.EFI, ShortDevPath
 Clover start legacy at EFI, 4
31:389  0:000  AddBootOption: Clover start legacy at EFI
31:389  0:000   FilePath: HD(1,GPT,9B3F0FAE-66A7-11E8-B97C-EE76C4CB6219,0x800,0x71800)\EFI\CLOVER\CLOVERX64.EFII
31:389  0:000   BootIndex: 4
31:391  0:002   Found BootNum: 0008
31:393  0:002   Boot0008 saved
31:393  0:000  AddToBootOrder: Boot0008 at index 4
31:393  0:000  BootOrder: 8: Boot0001, Boot0005, Boot0006, Boot0007, Boot0003, Boot0002, Boot0004, Boot0000
31:395  0:001  SetVariable: BootOrder = Success
31:395  0:000   9: Boot0001, Boot0005, Boot0006, Boot0007, Boot0008, Boot0003, Boot0002, Boot0004, Boot0000
31:395  0:000  AddBootOptionForFile: done.
31:395  0:000  Entry 4 assigned option 0008
31:395  0:000  
AddBootOptionForFile: C3AD5498, \EFI\CLOVER\CLOVERX64.EFI, ShortDevPath
 Clover start legacy at EFI, 5
31:395  0:000  AddBootOption: Clover start legacy at EFI
31:395  0:000   FilePath: HD(1,GPT,9B3F0FAE-66A7-11E8-B97C-EE76C4CB6219,0x800,0x71800)\EFI\CLOVER\CLOVERX64.EFII
31:395  0:000   BootIndex: 5
31:397  0:002   Found BootNum: 0009
31:400  0:002   Boot0009 saved
31:400  0:000  AddToBootOrder: Boot0009 at index 5
31:400  0:000  BootOrder: 9: Boot0001, Boot0005, Boot0006, Boot0007, Boot0008, Boot0003, Boot0002, Boot0004, Boot0000
31:401  0:001  SetVariable: BootOrder = Success
31:401  0:000   10: Boot0001, Boot0005, Boot0006, Boot0007, Boot0008, Boot0009, Boot0003, Boot0002, Boot0004, Boot0000
31:401  0:000  AddBootOptionForFile: done.
31:401  0:000  Entry 5 assigned option 0009
31:401  0:000  
Boot options:
-------------
31:401  0:000  BootOrder: 10: Boot0001, Boot0005, Boot0006, Boot0007, Boot0008, Boot0009, Boot0003, Boot0002, Boot0004, Boot0000
31:402  0:001   0) Boot0001: Clover start boot.efi at Preboot, Attr: 0x1
31:402  0:000      HD(1,GPT,9B3F0FAE-66A7-11E8-B97C-EE76C4CB6219,0x800,0x71800)\EFI\CLOVER\CLOVERX64.EFII
31:402  0:000      Size: 214 (Attr:4 + FPl:2 + Desc:66 + FP:102 + Opt:40 = 214 -> OK)
31:403  0:000   1) Boot0005: Clover start boot.efi at Preboot, Attr: 0x1
31:403  0:000      HD(1,GPT,9B3F0FAE-66A7-11E8-B97C-EE76C4CB6219,0x800,0x71800)\EFI\CLOVER\CLOVERX64.EFII
31:403  0:000      Size: 214 (Attr:4 + FPl:2 + Desc:66 + FP:102 + Opt:40 = 214 -> OK)
31:403  0:000   2) Boot0006: Clover start boot.efi at MacOS, Attr: 0x1
31:403  0:000      HD(1,GPT,9B3F0FAE-66A7-11E8-B97C-EE76C4CB6219,0x800,0x71800)\EFI\CLOVER\CLOVERX64.EFII
31:403  0:000      Size: 206 (Attr:4 + FPl:2 + Desc:62 + FP:102 + Opt:36 = 206 -> OK)
31:404  0:000   3) Boot0007: Clover start boot.efi at Recovery, Attr: 0x1
31:404  0:000      HD(1,GPT,9B3F0FAE-66A7-11E8-B97C-EE76C4CB6219,0x800,0x71800)\EFI\CLOVER\CLOVERX64.EFII
31:404  0:000      Size: 218 (Attr:4 + FPl:2 + Desc:68 + FP:102 + Opt:42 = 218 -> OK)
31:404  0:000   4) Boot0008: Clover start legacy at EFI, Attr: 0x1
31:404  0:000      HD(1,GPT,9B3F0FAE-66A7-11E8-B97C-EE76C4CB6219,0x800,0x71800)\EFI\CLOVER\CLOVERX64.EFII
31:404  0:000      Size: 176 (Attr:4 + FPl:2 + Desc:54 + FP:102 + Opt:14 = 176 -> OK)
31:405  0:000   5) Boot0009: Clover start legacy at EFI, Attr: 0x1
31:405  0:000      HD(1,GPT,9B3F0FAE-66A7-11E8-B97C-EE76C4CB6219,0x800,0x71800)\EFI\CLOVER\CLOVERX64.EFII
31:405  0:000      Size: 176 (Attr:4 + FPl:2 + Desc:54 + FP:102 + Opt:14 = 176 -> OK)
31:405  0:000   6) Boot0003: UEFI OS, Attr: 0x1
31:405  0:000      HD(1,GPT,9B3F0FAE-66A7-11E8-B97C-EE76C4CB6219,0x800,0x71800)\EFI\BOOT\BOOTX64.EFII
31:405  0:000      Size: 120 (Attr:4 + FPl:2 + Desc:16 + FP:94 + Opt:4 = 120 -> OK)
31:406  0:000   7) Boot0002: Hard Drive, Attr: 0x1
31:406  0:000      BBS(HD,)
31:406  0:000      Size: 369 (Attr:4 + FPl:2 + Desc:22 + FP:13 + Opt:328 = 369 -> OK)
31:406  0:000   8) Boot0004: UEFI: SanDisk, Partition 2, Attr: 0x1
31:406  0:000      PciRoot(0x0)\Pci(0x14,0x0)\USB(0x16,0x0)\HD(2,MBR,0x7053C2E9,0x38B2000,0x94B23)
31:406  0:000      Size: 200 (Attr:4 + FPl:2 + Desc:54 + FP:136 + Opt:4 = 200 -> OK)
31:407  0:000   9) Boot0000: Clover, Attr: 0x9
31:407  0:000      VenHw(99E275E7-75A0-4B37-A2E6-C5385E6C00CB)
31:407  0:000      Size: 146 (Attr:4 + FPl:2 + Desc:14 + FP:126 + Opt:0 = 146 -> OK)
31:407  0:000  -------------
31:407  0:000  ReinitSelfLib after theme change
31:407  0:000  reinit: self device path=PciRoot(0x0)\Pci(0x1D,0x0)\Pci(0x0,0x0)\NVMe(0x1,69-83-B2-81-51-38-25-00)\HD(1,GPT,9B3F0FAE-66A7-11E8-B97C-EE76C4CB6219,0x800,0x71800)
31:407  0:000  === [ ScanVolumes ] =======================================
31:407  0:000  Found 11 volumes with blockIO
31:407  0:000  - [00]: Volume: PciRoot(0x0)\Pci(0x14,0x0)\USB(0x16,0x0)
31:408  0:001          Result of bootcode detection: bootable unknown (legacy)
31:408  0:000          USB volume
31:408  0:000  - [01]: Volume: PciRoot(0x0)\Pci(0x14,0x0)\USB(0x16,0x0)\HD(1,MBR,0x7053C2E9,0x96000,0x381BB24)
31:409  0:000          Result of bootcode detection: bootable unknown (legacy)
31:409  0:000          USB volume
31:409  0:000  - [02]: Volume: PciRoot(0x0)\Pci(0x14,0x0)\USB(0x16,0x0)\HD(2,MBR,0x7053C2E9,0x38B2000,0x94B23)
31:410  0:001          Result of bootcode detection: bootable Windows (win)
31:410  0:000          USB volume
31:410  0:000          This is SelfVolume !!
31:410  0:000  - [03]: Volume: PciRoot(0x0)\Pci(0x1D,0x0)\Pci(0x0,0x0)\NVMe(0x1,69-83-B2-81-51-38-25-00)
31:410  0:000  - [04]: Volume: PciRoot(0x0)\Pci(0x1D,0x0)\Pci(0x0,0x0)\NVMe(0x1,69-83-B2-81-51-38-25-00)\HD(1,GPT,9B3F0FAE-66A7-11E8-B97C-EE76C4CB6219,0x800,0x71800)
31:410  0:000          Result of bootcode detection: bootable Windows (win)
31:410  0:000          This is SelfVolume !!
31:410  0:000  - [05]: Volume: PciRoot(0x0)\Pci(0x1D,0x0)\Pci(0x0,0x0)\NVMe(0x1,69-83-B2-81-51-38-25-00)\HD(2,GPT,9B3F0FB0-66A7-11E8-B97C-EE76C4CB6219,0x72000,0x1D153948)
31:411  0:000          Result of bootcode detection: bootable unknown (legacy)
31:411  0:000  - [06]: Volume: PciRoot(0x0)\Pci(0x1D,0x0)\Pci(0x0,0x0)\NVMe(0x1,69-83-B2-81-51-38-25-00)\HD(2,GPT,9B3F0FB0-66A7-11E8-B97C-EE76C4CB6219,0x72000,0x1D153948)\VenMedia(BE74FCF7-0B7C-49F3-9147-01F4042E6842,0F8E9ACF5647634294EFC99F3BE7AC61)
31:411  0:000  - [07]: Volume: PciRoot(0x0)\Pci(0x1D,0x0)\Pci(0x0,0x0)\NVMe(0x1,69-83-B2-81-51-38-25-00)\HD(2,GPT,9B3F0FB0-66A7-11E8-B97C-EE76C4CB6219,0x72000,0x1D153948)\VenMedia(BE74FCF7-0B7C-49F3-9147-01F4042E6842,93508C52D422A432A4AE27CE722ACA8A)
31:411  0:000  - [08]: Volume: PciRoot(0x0)\Pci(0x1D,0x0)\Pci(0x0,0x0)\NVMe(0x1,69-83-B2-81-51-38-25-00)\HD(2,GPT,9B3F0FB0-66A7-11E8-B97C-EE76C4CB6219,0x72000,0x1D153948)\VenMedia(BE74FCF7-0B7C-49F3-9147-01F4042E6842,BFFDB6C51F50424EAC08BA4BBE464D5B)
31:411  0:000  - [09]: Volume: PciRoot(0x0)\Pci(0x1D,0x0)\Pci(0x0,0x0)\NVMe(0x1,69-83-B2-81-51-38-25-00)\HD(2,GPT,9B3F0FB0-66A7-11E8-B97C-EE76C4CB6219,0x72000,0x1D153948)\VenMedia(BE74FCF7-0B7C-49F3-9147-01F4042E6842,EE13D4AB30A47741B60983A5F382FFC3)
31:411  0:000  - [10]: Volume: PciRoot(0x0)\Pci(0x1D,0x0)\Pci(0x0,0x0)\NVMe(0x1,69-83-B2-81-51-38-25-00)\HD(2,GPT,9B3F0FB0-66A7-11E8-B97C-EE76C4CB6219,0x72000,0x1D153948)\VenMedia(BE74FCF7-0B7C-49F3-9147-01F4042E6842,CC95671ECD1337479FDA2D9C19786826)
31:411  0:000  Chosen embedded theme
31:411  0:000  found boot-args in NVRAM:, size=1
31:412  0:000  after NVRAM boot-args=shikigva=1
31:412  0:000  === [ ScanLoader ] ========================================
31:412  0:000  - [02]: 'EFI'
31:412  0:000          AddLoaderEntry for Volume Name=EFI
31:412  0:000          skipped because entry is hidden
31:412  0:000  - [04]: 'EFI'
31:415  0:002          AddLoaderEntry for Volume Name=EFI
31:415  0:000          skipped because entry is hidden
31:415  0:000  - [06]: 'Preboot'
31:436  0:021          AddLoaderEntry for Volume Name=Preboot
31:455  0:018      Check if volume Is Hibernated:
31:455  0:000      Check sleep image 'by signature':
31:458  0:003      using default sleep image name = \private\var\vm\sleepimage
31:459  0:001      sleepimage not found -> Not Found
31:459  0:000      hibernated: no - sign
31:466  0:006          AddLoaderEntry for Volume Name=Preboot
31:534  0:068  - [07]: 'MacOS'
31:673  0:138          AddLoaderEntry for Volume Name=MacOS
31:701  0:028      Check if volume Is Hibernated:
31:701  0:000      Check sleep image 'by signature':
31:735  0:033      read prefs \Library\Preferences\com.apple.PowerManagement.plist status=Success
31:735  0:000      using default sleep image name = \private\var\vm\sleepimage
31:747  0:012      sleepimage not found -> Not Found
31:747  0:000      hibernated: no - sign
31:810  0:063  - [08]: 'Recovery'
31:830  0:019          AddLoaderEntry for Volume Name=Recovery
31:880  0:050  - [09]: 'VM'
31:881  0:000  - [10]: 'data'
31:970  0:088  Scanning legacy ...
31:970  0:000   2: 'EFI' (win) add legacy
31:970  0:000   added 'Boot Windows from EFI' OSType=2 Icon=win
31:970  0:000   4: 'EFI' (win) add legacy
31:970  0:000   added 'Boot Windows from EFI' OSType=2 Icon=win
31:970  0:000  === [ AddCustomTool ] =====================================
31:970  0:000  found tool \EFI\CLOVER\tools\Shell64U.efi
31:970  0:000  Checking EFI partition Volume 4 for Clover
31:970  0:000   Found Clover
31:970  0:000  === [ GetEfiBootDeviceFromNvram ] =========================
31:970  0:000  === [ FindStartupDiskVolume ] =============================
31:970  0:000    - Volume: partition = PciRoot(0x0)\Pci(0x1D,0x0)\Pci(0x0,0x0)\NVMe(0x1,69-83-B2-81-51-38-25-00)\HD(2,GPT,9B3F0FB0-66A7-11E8-B97C-EE76C4CB6219,0x72000,0x1D153948)\VenMedia(BE74FCF7-0B7C-49F3-9147-01F4042E6842,BFFDB6C51F50424EAC08BA4BBE464D5B)
31:970  0:000     - searching for that partition and loader '\528C5093-22D4-32A4-A4AE-27CE722ACA8A\boot.efi'
31:970  0:000      - found entry 3. 'Boot Recovery from Recovery', Volume 'Recovery', '\528C5093-22D4-32A4-A4AE-27CE722ACA8A\boot.efi'
31:970  0:000  Boot redirected to Entry 3. 'Boot Recovery from Recovery'
31:970  0:000  DefaultIndex=3 and MainMenu.EntryCount=12
38:838  6:867  
Boot options:
-------------
38:838  0:000  BootOrder: 10: Boot0001, Boot0005, Boot0006, Boot0007, Boot0008, Boot0009, Boot0003, Boot0002, Boot0004, Boot0000
38:839  0:001   0) Boot0001: Clover start boot.efi at Preboot, Attr: 0x1
38:839  0:000      HD(1,GPT,9B3F0FAE-66A7-11E8-B97C-EE76C4CB6219,0x800,0x71800)\EFI\CLOVER\CLOVERX64.EFII
38:839  0:000      Size: 214 (Attr:4 + FPl:2 + Desc:66 + FP:102 + Opt:40 = 214 -> OK)
38:840  0:000   1) Boot0005: Clover start boot.efi at Preboot, Attr: 0x1
38:840  0:000      HD(1,GPT,9B3F0FAE-66A7-11E8-B97C-EE76C4CB6219,0x800,0x71800)\EFI\CLOVER\CLOVERX64.EFII
38:840  0:000      Size: 214 (Attr:4 + FPl:2 + Desc:66 + FP:102 + Opt:40 = 214 -> OK)
38:840  0:000   2) Boot0006: Clover start boot.efi at MacOS, Attr: 0x1
38:840  0:000      HD(1,GPT,9B3F0FAE-66A7-11E8-B97C-EE76C4CB6219,0x800,0x71800)\EFI\CLOVER\CLOVERX64.EFII
38:840  0:000      Size: 206 (Attr:4 + FPl:2 + Desc:62 + FP:102 + Opt:36 = 206 -> OK)
38:841  0:000   3) Boot0007: Clover start boot.efi at Recovery, Attr: 0x1
38:841  0:000      HD(1,GPT,9B3F0FAE-66A7-11E8-B97C-EE76C4CB6219,0x800,0x71800)\EFI\CLOVER\CLOVERX64.EFII
38:841  0:000      Size: 218 (Attr:4 + FPl:2 + Desc:68 + FP:102 + Opt:42 = 218 -> OK)
38:841  0:000   4) Boot0008: Clover start legacy at EFI, Attr: 0x1
38:841  0:000      HD(1,GPT,9B3F0FAE-66A7-11E8-B97C-EE76C4CB6219,0x800,0x71800)\EFI\CLOVER\CLOVERX64.EFII
38:841  0:000      Size: 176 (Attr:4 + FPl:2 + Desc:54 + FP:102 + Opt:14 = 176 -> OK)
38:842  0:000   5) Boot0009: Clover start legacy at EFI, Attr: 0x1
38:842  0:000      HD(1,GPT,9B3F0FAE-66A7-11E8-B97C-EE76C4CB6219,0x800,0x71800)\EFI\CLOVER\CLOVERX64.EFII
38:842  0:000      Size: 176 (Attr:4 + FPl:2 + Desc:54 + FP:102 + Opt:14 = 176 -> OK)
38:842  0:000   6) Boot0003: UEFI OS, Attr: 0x1
38:842  0:000      HD(1,GPT,9B3F0FAE-66A7-11E8-B97C-EE76C4CB6219,0x800,0x71800)\EFI\BOOT\BOOTX64.EFII
38:842  0:000      Size: 120 (Attr:4 + FPl:2 + Desc:16 + FP:94 + Opt:4 = 120 -> OK)
38:843  0:000   7) Boot0002: Hard Drive, Attr: 0x1
38:843  0:000      BBS(HD,)
38:843  0:000      Size: 369 (Attr:4 + FPl:2 + Desc:22 + FP:13 + Opt:328 = 369 -> OK)
38:843  0:000   8) Boot0004: UEFI: SanDisk, Partition 2, Attr: 0x1
38:843  0:000      PciRoot(0x0)\Pci(0x14,0x0)\USB(0x16,0x0)\HD(2,MBR,0x7053C2E9,0x38B2000,0x94B23)
38:843  0:000      Size: 200 (Attr:4 + FPl:2 + Desc:54 + FP:136 + Opt:4 = 200 -> OK)
38:844  0:000   9) Boot0000: Clover, Attr: 0x9
38:844  0:000      VenHw(99E275E7-75A0-4B37-A2E6-C5385E6C00CB)
38:844  0:000      Size: 146 (Attr:4 + FPl:2 + Desc:14 + FP:126 + Opt:0 = 146 -> OK)
38:844  0:000  -------------
38:844  0:000  
AddBootOptionForFile: C3AD5498, \EFI\CLOVER\CLOVERX64.EFI, ShortDevPath
 Clover start boot.efi at Preboot, 0
38:844  0:000  AddBootOption: Clover start boot.efi at Preboot
38:844  0:000   FilePath: HD(1,GPT,9B3F0FAE-66A7-11E8-B97C-EE76C4CB6219,0x800,0x71800)\EFI\CLOVER\CLOVERX64.EFII
38:844  0:000   BootIndex: 0
38:847  0:002   Found BootNum: 000A
38:849  0:002   Boot000A saved
38:849  0:000  AddToBootOrder: Boot000A at index 0
38:849  0:000  BootOrder: 10: Boot0001, Boot0005, Boot0006, Boot0007, Boot0008, Boot0009, Boot0003, Boot0002, Boot0004, Boot0000
38:851  0:001  SetVariable: BootOrder = Success
38:851  0:000   11: Boot000A, Boot0001, Boot0005, Boot0006, Boot0007, Boot0008, Boot0009, Boot0003, Boot0002, Boot0004, Boot0000
38:851  0:000  AddBootOptionForFile: done.
38:851  0:000  Entry 0 assigned option 000A
38:851  0:000  
AddBootOptionForFile: C3AD5498, \EFI\CLOVER\CLOVERX64.EFI, ShortDevPath
 Clover start boot.efi at Preboot, 1
38:851  0:000  AddBootOption: Clover start boot.efi at Preboot
38:851  0:000   FilePath: HD(1,GPT,9B3F0FAE-66A7-11E8-B97C-EE76C4CB6219,0x800,0x71800)\EFI\CLOVER\CLOVERX64.EFII
38:851  0:000   BootIndex: 1
38:854  0:003   Found BootNum: 000B
38:856  0:002   Boot000B saved
38:856  0:000  AddToBootOrder: Boot000B at index 1
38:856  0:000  BootOrder: 11: Boot000A, Boot0001, Boot0005, Boot0006, Boot0007, Boot0008, Boot0009, Boot0003, Boot0002, Boot0004, Boot0000
38:858  0:001  SetVariable: BootOrder = Success
38:858  0:000   12: Boot000A, Boot000B, Boot0001, Boot0005, Boot0006, Boot0007, Boot0008, Boot0009, Boot0003, Boot0002, Boot0004, Boot0000
38:858  0:000  AddBootOptionForFile: done.
38:858  0:000  Entry 1 assigned option 000B
38:858  0:000  
AddBootOptionForFile: C3AD5498, \EFI\CLOVER\CLOVERX64.EFI, ShortDevPath
 Clover start boot.efi at MacOS, 2
38:858  0:000  AddBootOption: Clover start boot.efi at MacOS
38:858  0:000   FilePath: HD(1,GPT,9B3F0FAE-66A7-11E8-B97C-EE76C4CB6219,0x800,0x71800)\EFI\CLOVER\CLOVERX64.EFII
38:858  0:000   BootIndex: 2
38:861  0:003   Found BootNum: 000C
38:863  0:002   Boot000C saved
38:863  0:000  AddToBootOrder: Boot000C at index 2
38:863  0:000  BootOrder: 12: Boot000A, Boot000B, Boot0001, Boot0005, Boot0006, Boot0007, Boot0008, Boot0009, Boot0003, Boot0002, Boot0004, Boot0000
38:865  0:001  SetVariable: BootOrder = Success
38:865  0:000   13: Boot000A, Boot000B, Boot000C, Boot0001, Boot0005, Boot0006, Boot0007, Boot0008, Boot0009, Boot0003, Boot0002, Boot0004, Boot0000
38:865  0:000  AddBootOptionForFile: done.
38:865  0:000  Entry 2 assigned option 000C
38:865  0:000  
AddBootOptionForFile: C3AD5498, \EFI\CLOVER\CLOVERX64.EFI, ShortDevPath
 Clover start boot.efi at Recovery, 3
38:865  0:000  AddBootOption: Clover start boot.efi at Recovery
38:865  0:000   FilePath: HD(1,GPT,9B3F0FAE-66A7-11E8-B97C-EE76C4CB6219,0x800,0x71800)\EFI\CLOVER\CLOVERX64.EFII
38:865  0:000   BootIndex: 3
38:869  0:003   Found BootNum: 000D
38:871  0:002   Boot000D saved
38:871  0:000  AddToBootOrder: Boot000D at index 3
38:871  0:000  BootOrder: 13: Boot000A, Boot000B, Boot000C, Boot0001, Boot0005, Boot0006, Boot0007, Boot0008, Boot0009, Boot0003, Boot0002, Boot0004, Boot0000
38:873  0:001  SetVariable: BootOrder = Success
38:873  0:000   14: Boot000A, Boot000B, Boot000C, Boot000D, Boot0001, Boot0005, Boot0006, Boot0007, Boot0008, Boot0009, Boot0003, Boot0002, Boot0004, Boot0000
38:873  0:000  AddBootOptionForFile: done.
38:873  0:000  Entry 3 assigned option 000D
38:873  0:000  
AddBootOptionForFile: C3AD5498, \EFI\CLOVER\CLOVERX64.EFI, ShortDevPath
 Clover start legacy at EFI, 4
38:873  0:000  AddBootOption: Clover start legacy at EFI
38:873  0:000   FilePath: HD(1,GPT,9B3F0FAE-66A7-11E8-B97C-EE76C4CB6219,0x800,0x71800)\EFI\CLOVER\CLOVERX64.EFII
38:873  0:000   BootIndex: 4
38:876  0:003   Found BootNum: 000E
38:879  0:002   Boot000E saved
38:879  0:000  AddToBootOrder: Boot000E at index 4
38:879  0:000  BootOrder: 14: Boot000A, Boot000B, Boot000C, Boot000D, Boot0001, Boot0005, Boot0006, Boot0007, Boot0008, Boot0009, Boot0003, Boot0002, Boot0004, Boot0000
38:880  0:001  SetVariable: BootOrder = Success
38:880  0:000   15: Boot000A, Boot000B, Boot000C, Boot000D, Boot000E, Boot0001, Boot0005, Boot0006, Boot0007, Boot0008, Boot0009, Boot0003, Boot0002, Boot0004, Boot0000
38:880  0:000  AddBootOptionForFile: done.
38:880  0:000  Entry 4 assigned option 000E
38:880  0:000  
AddBootOptionForFile: C3AD5498, \EFI\CLOVER\CLOVERX64.EFI, ShortDevPath
 Clover start legacy at EFI, 5
38:880  0:000  AddBootOption: Clover start legacy at EFI
38:880  0:000   FilePath: HD(1,GPT,9B3F0FAE-66A7-11E8-B97C-EE76C4CB6219,0x800,0x71800)\EFI\CLOVER\CLOVERX64.EFII
38:880  0:000   BootIndex: 5
38:884  0:004   Found BootNum: 000F
38:887  0:002   Boot000F saved
38:887  0:000  AddToBootOrder: Boot000F at index 5
38:887  0:000  BootOrder: 15: Boot000A, Boot000B, Boot000C, Boot000D, Boot000E, Boot0001, Boot0005, Boot0006, Boot0007, Boot0008, Boot0009, Boot0003, Boot0002, Boot0004, Boot0000
38:888  0:001  SetVariable: BootOrder = Success
38:888  0:000   16: Boot000A, Boot000B, Boot000C, Boot000D, Boot000E, Boot000F, Boot0001, Boot0005, Boot0006, Boot0007, Boot0008, Boot0009, Boot0003, Boot0002, Boot0004, Boot0000
38:888  0:000  AddBootOptionForFile: done.
38:888  0:000  Entry 5 assigned option 000F
38:888  0:000  
Boot options:
-------------
38:888  0:000  BootOrder: 16: Boot000A, Boot000B, Boot000C, Boot000D, Boot000E, Boot000F, Boot0001, Boot0005, Boot0006, Boot0007, Boot0008, Boot0009, Boot0003, Boot0002, Boot0004, Boot0000
38:889  0:001   0) Boot000A: Clover start boot.efi at Preboot, Attr: 0x1
38:889  0:000      HD(1,GPT,9B3F0FAE-66A7-11E8-B97C-EE76C4CB6219,0x800,0x71800)\EFI\CLOVER\CLOVERX64.EFII
38:889  0:000      Size: 214 (Attr:4 + FPl:2 + Desc:66 + FP:102 + Opt:40 = 214 -> OK)
38:890  0:000   1) Boot000B: Clover start boot.efi at Preboot, Attr: 0x1
38:890  0:000      HD(1,GPT,9B3F0FAE-66A7-11E8-B97C-EE76C4CB6219,0x800,0x71800)\EFI\CLOVER\CLOVERX64.EFII
38:890  0:000      Size: 214 (Attr:4 + FPl:2 + Desc:66 + FP:102 + Opt:40 = 214 -> OK)
38:890  0:000   2) Boot000C: Clover start boot.efi at MacOS, Attr: 0x1
38:890  0:000      HD(1,GPT,9B3F0FAE-66A7-11E8-B97C-EE76C4CB6219,0x800,0x71800)\EFI\CLOVER\CLOVERX64.EFII
38:890  0:000      Size: 206 (Attr:4 + FPl:2 + Desc:62 + FP:102 + Opt:36 = 206 -> OK)
38:891  0:000   3) Boot000D: Clover start boot.efi at Recovery, Attr: 0x1
38:891  0:000      HD(1,GPT,9B3F0FAE-66A7-11E8-B97C-EE76C4CB6219,0x800,0x71800)\EFI\CLOVER\CLOVERX64.EFII
38:891  0:000      Size: 218 (Attr:4 + FPl:2 + Desc:68 + FP:102 + Opt:42 = 218 -> OK)
38:891  0:000   4) Boot000E: Clover start legacy at EFI, Attr: 0x1
38:891  0:000      HD(1,GPT,9B3F0FAE-66A7-11E8-B97C-EE76C4CB6219,0x800,0x71800)\EFI\CLOVER\CLOVERX64.EFII
38:891  0:000      Size: 176 (Attr:4 + FPl:2 + Desc:54 + FP:102 + Opt:14 = 176 -> OK)
38:892  0:000   5) Boot000F: Clover start legacy at EFI, Attr: 0x1
38:892  0:000      HD(1,GPT,9B3F0FAE-66A7-11E8-B97C-EE76C4CB6219,0x800,0x71800)\EFI\CLOVER\CLOVERX64.EFII
38:892  0:000      Size: 176 (Attr:4 + FPl:2 + Desc:54 + FP:102 + Opt:14 = 176 -> OK)
38:892  0:000   6) Boot0001: Clover start boot.efi at Preboot, Attr: 0x1
38:892  0:000      HD(1,GPT,9B3F0FAE-66A7-11E8-B97C-EE76C4CB6219,0x800,0x71800)\EFI\CLOVER\CLOVERX64.EFII
38:892  0:000      Size: 214 (Attr:4 + FPl:2 + Desc:66 + FP:102 + Opt:40 = 214 -> OK)
38:893  0:000   7) Boot0005: Clover start boot.efi at Preboot, Attr: 0x1
38:893  0:000      HD(1,GPT,9B3F0FAE-66A7-11E8-B97C-EE76C4CB6219,0x800,0x71800)\EFI\CLOVER\CLOVERX64.EFII
38:893  0:000      Size: 214 (Attr:4 + FPl:2 + Desc:66 + FP:102 + Opt:40 = 214 -> OK)
38:893  0:000   8) Boot0006: Clover start boot.efi at MacOS, Attr: 0x1
38:893  0:000      HD(1,GPT,9B3F0FAE-66A7-11E8-B97C-EE76C4CB6219,0x800,0x71800)\EFI\CLOVER\CLOVERX64.EFII
38:893  0:000      Size: 206 (Attr:4 + FPl:2 + Desc:62 + FP:102 + Opt:36 = 206 -> OK)
38:894  0:000   9) Boot0007: Clover start boot.efi at Recovery, Attr: 0x1
38:894  0:000      HD(1,GPT,9B3F0FAE-66A7-11E8-B97C-EE76C4CB6219,0x800,0x71800)\EFI\CLOVER\CLOVERX64.EFII
38:894  0:000      Size: 218 (Attr:4 + FPl:2 + Desc:68 + FP:102 + Opt:42 = 218 -> OK)
38:894  0:000  10) Boot0008: Clover start legacy at EFI, Attr: 0x1
38:894  0:000      HD(1,GPT,9B3F0FAE-66A7-11E8-B97C-EE76C4CB6219,0x800,0x71800)\EFI\CLOVER\CLOVERX64.EFII
38:894  0:000      Size: 176 (Attr:4 + FPl:2 + Desc:54 + FP:102 + Opt:14 = 176 -> OK)
38:895  0:000  11) Boot0009: Clover start legacy at EFI, Attr: 0x1
38:895  0:000      HD(1,GPT,9B3F0FAE-66A7-11E8-B97C-EE76C4CB6219,0x800,0x71800)\EFI\CLOVER\CLOVERX64.EFII
38:895  0:000      Size: 176 (Attr:4 + FPl:2 + Desc:54 + FP:102 + Opt:14 = 176 -> OK)
38:896  0:000  12) Boot0003: UEFI OS, Attr: 0x1
38:896  0:000      HD(1,GPT,9B3F0FAE-66A7-11E8-B97C-EE76C4CB6219,0x800,0x71800)\EFI\BOOT\BOOTX64.EFII
38:896  0:000      Size: 120 (Attr:4 + FPl:2 + Desc:16 + FP:94 + Opt:4 = 120 -> OK)
38:896  0:000  13) Boot0002: Hard Drive, Attr: 0x1
38:896  0:000      BBS(HD,)
38:896  0:000      Size: 369 (Attr:4 + FPl:2 + Desc:22 + FP:13 + Opt:328 = 369 -> OK)
38:897  0:000  14) Boot0004: UEFI: SanDisk, Partition 2, Attr: 0x1
38:897  0:000      PciRoot(0x0)\Pci(0x14,0x0)\USB(0x16,0x0)\HD(2,MBR,0x7053C2E9,0x38B2000,0x94B23)
38:897  0:000      Size: 200 (Attr:4 + FPl:2 + Desc:54 + FP:136 + Opt:4 = 200 -> OK)
38:897  0:000  15) Boot0000: Clover, Attr: 0x9
38:897  0:000      VenHw(99E275E7-75A0-4B37-A2E6-C5385E6C00CB)
38:897  0:000      Size: 146 (Attr:4 + FPl:2 + Desc:14 + FP:126 + Opt:0 = 146 -> OK)
38:897  0:000  -------------
38:897  0:000  ReinitSelfLib after theme change
38:897  0:000  reinit: self device path=PciRoot(0x0)\Pci(0x1D,0x0)\Pci(0x0,0x0)\NVMe(0x1,69-83-B2-81-51-38-25-00)\HD(1,GPT,9B3F0FAE-66A7-11E8-B97C-EE76C4CB6219,0x800,0x71800)
38:898  0:000  === [ ScanVolumes ] =======================================
38:898  0:000  Found 11 volumes with blockIO
38:898  0:000  - [00]: Volume: PciRoot(0x0)\Pci(0x14,0x0)\USB(0x16,0x0)
38:899  0:001          Result of bootcode detection: bootable unknown (legacy)
38:899  0:000          USB volume
38:899  0:000  - [01]: Volume: PciRoot(0x0)\Pci(0x14,0x0)\USB(0x16,0x0)\HD(1,MBR,0x7053C2E9,0x96000,0x381BB24)
38:899  0:000          Result of bootcode detection: bootable unknown (legacy)
38:899  0:000          USB volume
38:899  0:000  - [02]: Volume: PciRoot(0x0)\Pci(0x14,0x0)\USB(0x16,0x0)\HD(2,MBR,0x7053C2E9,0x38B2000,0x94B23)
38:900  0:001          Result of bootcode detection: bootable Windows (win)
38:900  0:000          USB volume
38:900  0:000  - [03]: Volume: PciRoot(0x0)\Pci(0x1D,0x0)\Pci(0x0,0x0)\NVMe(0x1,69-83-B2-81-51-38-25-00)
38:900  0:000  - [04]: Volume: PciRoot(0x0)\Pci(0x1D,0x0)\Pci(0x0,0x0)\NVMe(0x1,69-83-B2-81-51-38-25-00)\HD(1,GPT,9B3F0FAE-66A7-11E8-B97C-EE76C4CB6219,0x800,0x71800)
38:900  0:000          Result of bootcode detection: bootable Windows (win)
38:901  0:000          This is SelfVolume !!
38:901  0:000  - [05]: Volume: PciRoot(0x0)\Pci(0x1D,0x0)\Pci(0x0,0x0)\NVMe(0x1,69-83-B2-81-51-38-25-00)\HD(2,GPT,9B3F0FB0-66A7-11E8-B97C-EE76C4CB6219,0x72000,0x1D153948)
38:901  0:000          Result of bootcode detection: bootable unknown (legacy)
38:901  0:000  - [06]: Volume: PciRoot(0x0)\Pci(0x1D,0x0)\Pci(0x0,0x0)\NVMe(0x1,69-83-B2-81-51-38-25-00)\HD(2,GPT,9B3F0FB0-66A7-11E8-B97C-EE76C4CB6219,0x72000,0x1D153948)\VenMedia(BE74FCF7-0B7C-49F3-9147-01F4042E6842,0F8E9ACF5647634294EFC99F3BE7AC61)
38:901  0:000  - [07]: Volume: PciRoot(0x0)\Pci(0x1D,0x0)\Pci(0x0,0x0)\NVMe(0x1,69-83-B2-81-51-38-25-00)\HD(2,GPT,9B3F0FB0-66A7-11E8-B97C-EE76C4CB6219,0x72000,0x1D153948)\VenMedia(BE74FCF7-0B7C-49F3-9147-01F4042E6842,93508C52D422A432A4AE27CE722ACA8A)
38:901  0:000  - [08]: Volume: PciRoot(0x0)\Pci(0x1D,0x0)\Pci(0x0,0x0)\NVMe(0x1,69-83-B2-81-51-38-25-00)\HD(2,GPT,9B3F0FB0-66A7-11E8-B97C-EE76C4CB6219,0x72000,0x1D153948)\VenMedia(BE74FCF7-0B7C-49F3-9147-01F4042E6842,BFFDB6C51F50424EAC08BA4BBE464D5B)
38:901  0:000  - [09]: Volume: PciRoot(0x0)\Pci(0x1D,0x0)\Pci(0x0,0x0)\NVMe(0x1,69-83-B2-81-51-38-25-00)\HD(2,GPT,9B3F0FB0-66A7-11E8-B97C-EE76C4CB6219,0x72000,0x1D153948)\VenMedia(BE74FCF7-0B7C-49F3-9147-01F4042E6842,EE13D4AB30A47741B60983A5F382FFC3)
38:901  0:000  - [10]: Volume: PciRoot(0x0)\Pci(0x1D,0x0)\Pci(0x0,0x0)\NVMe(0x1,69-83-B2-81-51-38-25-00)\HD(2,GPT,9B3F0FB0-66A7-11E8-B97C-EE76C4CB6219,0x72000,0x1D153948)\VenMedia(BE74FCF7-0B7C-49F3-9147-01F4042E6842,CC95671ECD1337479FDA2D9C19786826)
38:901  0:000  Chosen embedded theme
38:902  0:000  found boot-args in NVRAM:, size=1
38:902  0:000  after NVRAM boot-args=shikigva=1
38:902  0:000  === [ ScanLoader ] ========================================
38:902  0:000  - [02]: 'EFI'
38:902  0:000          AddLoaderEntry for Volume Name=EFI
38:902  0:000          skipped because entry is hidden
38:902  0:000  - [04]: 'EFI'
38:905  0:002          AddLoaderEntry for Volume Name=EFI
38:905  0:000          skipped because entry is hidden
38:905  0:000  - [06]: 'Preboot'
38:926  0:021          AddLoaderEntry for Volume Name=Preboot
38:945  0:018      Check if volume Is Hibernated:
38:945  0:000      Check sleep image 'by signature':
38:948  0:003      using default sleep image name = \private\var\vm\sleepimage
38:949  0:001      sleepimage not found -> Not Found
38:949  0:000      hibernated: no - sign
38:956  0:006          AddLoaderEntry for Volume Name=Preboot
39:025  0:069  - [07]: 'MacOS'
39:164  0:138          AddLoaderEntry for Volume Name=MacOS
39:193  0:028      Check if volume Is Hibernated:
39:193  0:000      Check sleep image 'by signature':
39:226  0:033      read prefs \Library\Preferences\com.apple.PowerManagement.plist status=Success
39:226  0:000      using default sleep image name = \private\var\vm\sleepimage
39:239  0:012      sleepimage not found -> Not Found
39:239  0:000      hibernated: no - sign
39:302  0:063  - [08]: 'Recovery'
39:321  0:019          AddLoaderEntry for Volume Name=Recovery
39:372  0:050  - [09]: 'VM'
39:372  0:000  - [10]: 'data'
39:461  0:089  Scanning legacy ...
39:461  0:000   2: 'EFI' (win) add legacy
39:461  0:000   added 'Boot Windows from EFI' OSType=2 Icon=win
39:461  0:000   4: 'EFI' (win) add legacy
39:461  0:000   added 'Boot Windows from EFI' OSType=2 Icon=win
39:461  0:000  === [ AddCustomTool ] =====================================
39:461  0:000  found tool \EFI\CLOVER\tools\Shell64U.efi
39:461  0:000  Checking EFI partition Volume 4 for Clover
39:462  0:000   Found Clover
39:462  0:000  === [ GetEfiBootDeviceFromNvram ] =========================
39:462  0:000  === [ FindStartupDiskVolume ] =============================
39:462  0:000    - Volume: partition = PciRoot(0x0)\Pci(0x1D,0x0)\Pci(0x0,0x0)\NVMe(0x1,69-83-B2-81-51-38-25-00)\HD(2,GPT,9B3F0FB0-66A7-11E8-B97C-EE76C4CB6219,0x72000,0x1D153948)\VenMedia(BE74FCF7-0B7C-49F3-9147-01F4042E6842,BFFDB6C51F50424EAC08BA4BBE464D5B)
39:462  0:000     - searching for that partition and loader '\528C5093-22D4-32A4-A4AE-27CE722ACA8A\boot.efi'
39:462  0:000      - found entry 3. 'Boot Recovery from Recovery', Volume 'Recovery', '\528C5093-22D4-32A4-A4AE-27CE722ACA8A\boot.efi'
39:462  0:000  Boot redirected to Entry 3. 'Boot Recovery from Recovery'
39:462  0:000  DefaultIndex=3 and MainMenu.EntryCount=12
78:832  39:370  ReinitSelfLib after theme change
78:832  0:000  reinit: self device path=PciRoot(0x0)\Pci(0x1D,0x0)\Pci(0x0,0x0)\NVMe(0x1,69-83-B2-81-51-38-25-00)\HD(1,GPT,9B3F0FAE-66A7-11E8-B97C-EE76C4CB6219,0x800,0x71800)
78:833  0:000  === [ ScanVolumes ] =======================================
78:833  0:000  Found 11 volumes with blockIO
78:833  0:000  - [00]: Volume: PciRoot(0x0)\Pci(0x14,0x0)\USB(0x16,0x0)
78:833  0:000          Result of bootcode detection: bootable unknown (legacy)
78:833  0:000          USB volume
78:833  0:000  - [01]: Volume: PciRoot(0x0)\Pci(0x14,0x0)\USB(0x16,0x0)\HD(1,MBR,0x7053C2E9,0x96000,0x381BB24)
78:834  0:000          Result of bootcode detection: bootable unknown (legacy)
78:834  0:000          USB volume
78:834  0:000  - [02]: Volume: PciRoot(0x0)\Pci(0x14,0x0)\USB(0x16,0x0)\HD(2,MBR,0x7053C2E9,0x38B2000,0x94B23)
78:835  0:001          Result of bootcode detection: bootable Windows (win)
78:835  0:000          USB volume
78:835  0:000  - [03]: Volume: PciRoot(0x0)\Pci(0x1D,0x0)\Pci(0x0,0x0)\NVMe(0x1,69-83-B2-81-51-38-25-00)
78:835  0:000  - [04]: Volume: PciRoot(0x0)\Pci(0x1D,0x0)\Pci(0x0,0x0)\NVMe(0x1,69-83-B2-81-51-38-25-00)\HD(1,GPT,9B3F0FAE-66A7-11E8-B97C-EE76C4CB6219,0x800,0x71800)
78:835  0:000          Result of bootcode detection: bootable Windows (win)
78:835  0:000          This is SelfVolume !!
78:835  0:000  - [05]: Volume: PciRoot(0x0)\Pci(0x1D,0x0)\Pci(0x0,0x0)\NVMe(0x1,69-83-B2-81-51-38-25-00)\HD(2,GPT,9B3F0FB0-66A7-11E8-B97C-EE76C4CB6219,0x72000,0x1D153948)
78:836  0:000          Result of bootcode detection: bootable unknown (legacy)
78:836  0:000  - [06]: Volume: PciRoot(0x0)\Pci(0x1D,0x0)\Pci(0x0,0x0)\NVMe(0x1,69-83-B2-81-51-38-25-00)\HD(2,GPT,9B3F0FB0-66A7-11E8-B97C-EE76C4CB6219,0x72000,0x1D153948)\VenMedia(BE74FCF7-0B7C-49F3-9147-01F4042E6842,0F8E9ACF5647634294EFC99F3BE7AC61)
78:836  0:000  - [07]: Volume: PciRoot(0x0)\Pci(0x1D,0x0)\Pci(0x0,0x0)\NVMe(0x1,69-83-B2-81-51-38-25-00)\HD(2,GPT,9B3F0FB0-66A7-11E8-B97C-EE76C4CB6219,0x72000,0x1D153948)\VenMedia(BE74FCF7-0B7C-49F3-9147-01F4042E6842,93508C52D422A432A4AE27CE722ACA8A)
78:836  0:000  - [08]: Volume: PciRoot(0x0)\Pci(0x1D,0x0)\Pci(0x0,0x0)\NVMe(0x1,69-83-B2-81-51-38-25-00)\HD(2,GPT,9B3F0FB0-66A7-11E8-B97C-EE76C4CB6219,0x72000,0x1D153948)\VenMedia(BE74FCF7-0B7C-49F3-9147-01F4042E6842,BFFDB6C51F50424EAC08BA4BBE464D5B)
78:836  0:000  - [09]: Volume: PciRoot(0x0)\Pci(0x1D,0x0)\Pci(0x0,0x0)\NVMe(0x1,69-83-B2-81-51-38-25-00)\HD(2,GPT,9B3F0FB0-66A7-11E8-B97C-EE76C4CB6219,0x72000,0x1D153948)\VenMedia(BE74FCF7-0B7C-49F3-9147-01F4042E6842,EE13D4AB30A47741B60983A5F382FFC3)
78:836  0:000  - [10]: Volume: PciRoot(0x0)\Pci(0x1D,0x0)\Pci(0x0,0x0)\NVMe(0x1,69-83-B2-81-51-38-25-00)\HD(2,GPT,9B3F0FB0-66A7-11E8-B97C-EE76C4CB6219,0x72000,0x1D153948)\VenMedia(BE74FCF7-0B7C-49F3-9147-01F4042E6842,CC95671ECD1337479FDA2D9C19786826)
78:836  0:000  === [ InitTheme ] =========================================
78:845  0:008  Using theme 'MaterialDark' (EFI\CLOVER\themes\MaterialDark)
78:845  0:000  OS main and drive as badge
78:845  0:000  Warning! Character width 11 should be even!
78:846  0:001  Loading font from ThemeDir: Success
78:846  0:000  Chosen theme MaterialDark
78:846  0:000  found boot-args in NVRAM:, size=1
78:847  0:000  after NVRAM boot-args=shikigva=1
78:847  0:000  === [ ScanLoader ] ========================================
78:847  0:000  - [02]: 'EFI'
78:856  0:008          AddLoaderEntry for Volume Name=EFI
78:856  0:000          skipped because entry is hidden
78:856  0:000  - [04]: 'EFI'
78:865  0:009          AddLoaderEntry for Volume Name=EFI
78:865  0:000          skipped because entry is hidden
78:865  0:000  - [06]: 'Preboot'
78:887  0:021          AddLoaderEntry for Volume Name=Preboot
78:905  0:018      Check if volume Is Hibernated:
78:905  0:000      Check sleep image 'by signature':
78:908  0:003      using default sleep image name = \private\var\vm\sleepimage
78:910  0:001      sleepimage not found -> Not Found
78:910  0:000      hibernated: no - sign
78:917  0:007          AddLoaderEntry for Volume Name=Preboot
78:994  0:077  - [07]: 'MacOS'
79:133  0:138          AddLoaderEntry for Volume Name=MacOS
79:162  0:028      Check if volume Is Hibernated:
79:162  0:000      Check sleep image 'by signature':
79:195  0:033      read prefs \Library\Preferences\com.apple.PowerManagement.plist status=Success
79:195  0:000      using default sleep image name = \private\var\vm\sleepimage
79:208  0:012      sleepimage not found -> Not Found
79:208  0:000      hibernated: no - sign
79:278  0:070  - [08]: 'Recovery'
79:298  0:019          AddLoaderEntry for Volume Name=Recovery
79:356  0:058  - [09]: 'VM'
79:364  0:007  - [10]: 'data'
79:460  0:096  Scanning legacy ...
79:460  0:000   2: 'EFI' (win) add legacy
79:461  0:000   added 'Boot Windows from EFI' OSType=2 Icon=win
79:461  0:000   4: 'EFI' (win) add legacy
79:462  0:000   added 'Boot Windows from EFI' OSType=2 Icon=win
79:462  0:000  === [ AddCustomTool ] =====================================
79:462  0:000  found tool \EFI\CLOVER\tools\Shell64U.efi
79:462  0:000  Checking EFI partition Volume 4 for Clover
79:462  0:000   Found Clover
79:464  0:001  === [ GetEfiBootDeviceFromNvram ] =========================
79:464  0:000  === [ FindStartupDiskVolume ] =============================
79:464  0:000    - Volume: partition = PciRoot(0x0)\Pci(0x1D,0x0)\Pci(0x0,0x0)\NVMe(0x1,69-83-B2-81-51-38-25-00)\HD(2,GPT,9B3F0FB0-66A7-11E8-B97C-EE76C4CB6219,0x72000,0x1D153948)\VenMedia(BE74FCF7-0B7C-49F3-9147-01F4042E6842,BFFDB6C51F50424EAC08BA4BBE464D5B)
79:464  0:000     - searching for that partition and loader '\528C5093-22D4-32A4-A4AE-27CE722ACA8A\boot.efi'
79:464  0:000      - found entry 3. 'Boot Recovery from Recovery', Volume 'Recovery', '\528C5093-22D4-32A4-A4AE-27CE722ACA8A\boot.efi'
79:464  0:000  Boot redirected to Entry 3. 'Boot Recovery from Recovery'
79:464  0:000  DefaultIndex=3 and MainMenu.EntryCount=12
